2023-11-12 12:10:59,173 [DEBUG] io.netty.util.internal.logging.InternalLoggerFactory  - Using Log4J as the default logging framework
2023-11-12 12:10:59,189 [DEBUG] io.netty.util.ResourceLeakDetector  - -Dio.netty.leakDetection.level: simple
2023-11-12 12:10:59,189 [DEBUG] io.netty.util.ResourceLeakDetector  - -Dio.netty.leakDetection.targetRecords: 4
2023-11-12 12:10:59,202 [DEBUG] io.netty.util.ResourceLeakDetectorFactory  - Loaded default ResourceLeakDetector: io.netty.util.ResourceLeakDetector@149dd36b
2023-11-12 12:10:59,251 [DEBUG] io.netty.util.internal.PlatformDependent0  - -Dio.netty.noUnsafe: false
2023-11-12 12:10:59,251 [DEBUG] io.netty.util.internal.PlatformDependent0  - Java version: 17
2023-11-12 12:10:59,253 [DEBUG] io.netty.util.internal.PlatformDependent0  - sun.misc.Unsafe.theUnsafe: available
2023-11-12 12:10:59,255 [DEBUG] io.netty.util.internal.PlatformDependent0  - sun.misc.Unsafe.copyMemory: available
2023-11-12 12:10:59,256 [DEBUG] io.netty.util.internal.PlatformDependent0  - sun.misc.Unsafe.storeFence: available
2023-11-12 12:10:59,258 [DEBUG] io.netty.util.internal.PlatformDependent0  - java.nio.Buffer.address: available
2023-11-12 12:10:59,260 [DEBUG] io.netty.util.internal.PlatformDependent0  - direct buffer constructor: unavailable: Reflective setAccessible(true) disabled
2023-11-12 12:10:59,262 [DEBUG] io.netty.util.internal.PlatformDependent0  - java.nio.Bits.unaligned: available, true
2023-11-12 12:10:59,265 [DEBUG] io.netty.util.internal.PlatformDependent0  - jdk.internal.misc.Unsafe.allocateUninitializedArray(int): unavailable: class io.netty.util.internal.PlatformDependent0$7 cannot access class jdk.internal.misc.Unsafe (in module java.base) because module java.base does not export jdk.internal.misc to unnamed module @50f8360d
2023-11-12 12:10:59,268 [DEBUG] io.netty.util.internal.PlatformDependent0  - java.nio.DirectByteBuffer.<init>(long, int): unavailable
2023-11-12 12:10:59,268 [DEBUG] io.netty.util.internal.PlatformDependent  - sun.misc.Unsafe: available
2023-11-12 12:10:59,295 [DEBUG] io.netty.util.internal.PlatformDependent  - maxDirectMemory: 769654784 bytes (maybe)
2023-11-12 12:10:59,296 [DEBUG] io.netty.util.internal.PlatformDependent  - -Dio.netty.tmpdir: C:\Users\MYLAP~1\AppData\Local\Temp (java.io.tmpdir)
2023-11-12 12:10:59,296 [DEBUG] io.netty.util.internal.PlatformDependent  - -Dio.netty.bitMode: 64 (sun.arch.data.model)
2023-11-12 12:10:59,298 [DEBUG] io.netty.util.internal.PlatformDependent  - Platform: Windows
2023-11-12 12:10:59,300 [DEBUG] io.netty.util.internal.PlatformDependent  - -Dio.netty.maxDirectMemory: -1 bytes
2023-11-12 12:10:59,300 [DEBUG] io.netty.util.internal.PlatformDependent  - -Dio.netty.uninitializedArrayAllocationThreshold: -1
2023-11-12 12:10:59,302 [DEBUG] io.netty.util.internal.CleanerJava9  - java.nio.ByteBuffer.cleaner(): available
2023-11-12 12:10:59,302 [DEBUG] io.netty.util.internal.PlatformDependent  - -Dio.netty.noPreferDirect: false
2023-11-12 12:10:59,322 [DEBUG] io.netty.util.internal.PlatformDependent  - org.jctools-core.MpscChunkedArrayQueue: available
2023-11-12 12:10:59,363 [DEBUG] io.netty.util.internal.InternalThreadLocalMap  - -Dio.netty.threadLocalMap.stringBuilder.initialSize: 1024
2023-11-12 12:10:59,363 [DEBUG] io.netty.util.internal.InternalThreadLocalMap  - -Dio.netty.threadLocalMap.stringBuilder.maxSize: 4096
2023-11-12 12:10:59,743 [DEBUG] io.netty.handler.ssl.JdkSslContext  - Default protocols (JDK): [TLSv1.3, TLSv1.2] 
2023-11-12 12:10:59,743 [DEBUG] io.netty.handler.ssl.JdkSslContext  - Default cipher suites (JDK): [TLS_ECDHE_ECDSA_WITH_AES_256_GCM_SHA384, TLS_ECDHE_ECDSA_WITH_AES_128_GCM_SHA256, TLS_ECDHE_RSA_WITH_AES_128_GCM_SHA256, TLS_ECDHE_RSA_WITH_AES_256_GCM_SHA384, TLS_ECDHE_RSA_WITH_AES_128_CBC_SHA, TLS_ECDHE_RSA_WITH_AES_256_CBC_SHA, TLS_RSA_WITH_AES_128_GCM_SHA256, TLS_RSA_WITH_AES_128_CBC_SHA, TLS_RSA_WITH_AES_256_CBC_SHA, TLS_AES_128_GCM_SHA256, TLS_AES_256_GCM_SHA384]
2023-11-12 12:10:59,783 [DEBUG] io.netty.channel.MultithreadEventLoopGroup  - -Dio.netty.eventLoopThreads: 8
2023-11-12 12:10:59,798 [DEBUG] io.netty.channel.nio.NioEventLoop  - -Dio.netty.noKeySetOptimization: false
2023-11-12 12:10:59,799 [DEBUG] io.netty.channel.nio.NioEventLoop  - -Dio.netty.selectorAutoRebuildThreshold: 512
2023-11-12 12:10:59,880 [DEBUG] io.netty.buffer.PooledByteBufAllocator  - -Dio.netty.allocator.numHeapArenas: 8
2023-11-12 12:10:59,880 [DEBUG] io.netty.buffer.PooledByteBufAllocator  - -Dio.netty.allocator.numDirectArenas: 8
2023-11-12 12:10:59,880 [DEBUG] io.netty.buffer.PooledByteBufAllocator  - -Dio.netty.allocator.pageSize: 8192
2023-11-12 12:10:59,880 [DEBUG] io.netty.buffer.PooledByteBufAllocator  - -Dio.netty.allocator.maxOrder: 9
2023-11-12 12:10:59,880 [DEBUG] io.netty.buffer.PooledByteBufAllocator  - -Dio.netty.allocator.chunkSize: 4194304
2023-11-12 12:10:59,880 [DEBUG] io.netty.buffer.PooledByteBufAllocator  - -Dio.netty.allocator.smallCacheSize: 256
2023-11-12 12:10:59,880 [DEBUG] io.netty.buffer.PooledByteBufAllocator  - -Dio.netty.allocator.normalCacheSize: 64
2023-11-12 12:10:59,881 [DEBUG] io.netty.buffer.PooledByteBufAllocator  - -Dio.netty.allocator.maxCachedBufferCapacity: 32768
2023-11-12 12:10:59,881 [DEBUG] io.netty.buffer.PooledByteBufAllocator  - -Dio.netty.allocator.cacheTrimInterval: 8192
2023-11-12 12:10:59,881 [DEBUG] io.netty.buffer.PooledByteBufAllocator  - -Dio.netty.allocator.cacheTrimIntervalMillis: 0
2023-11-12 12:10:59,881 [DEBUG] io.netty.buffer.PooledByteBufAllocator  - -Dio.netty.allocator.useCacheForAllThreads: false
2023-11-12 12:10:59,881 [DEBUG] io.netty.buffer.PooledByteBufAllocator  - -Dio.netty.allocator.maxCachedByteBuffersPerChunk: 1023
2023-11-12 12:10:59,902 [DEBUG] io.netty.buffer.ByteBufUtil  - -Dio.netty.allocator.type: pooled
2023-11-12 12:10:59,902 [DEBUG] io.netty.buffer.ByteBufUtil  - -Dio.netty.threadLocalDirectBufferSize: 0
2023-11-12 12:10:59,902 [DEBUG] io.netty.buffer.ByteBufUtil  - -Dio.netty.maxThreadLocalCharBufferSize: 16384
2023-11-12 12:11:00,946 [DEBUG] io.netty.channel.DefaultChannelId  - -Dio.netty.processId: 11236 (auto-detected)
2023-11-12 12:11:00,950 [DEBUG] io.netty.util.NetUtil  - -Djava.net.preferIPv4Stack: false
2023-11-12 12:11:00,950 [DEBUG] io.netty.util.NetUtil  - -Djava.net.preferIPv6Addresses: false
2023-11-12 12:11:00,957 [DEBUG] io.netty.util.NetUtilInitializations  - Loopback interface: lo (Software Loopback Interface 1, 127.0.0.1)
2023-11-12 12:11:00,958 [DEBUG] io.netty.util.NetUtil  - Failed to get SOMAXCONN from sysctl and file \proc\sys\net\core\somaxconn. Default: 200
2023-11-12 12:11:00,976 [DEBUG] io.netty.channel.DefaultChannelId  - -Dio.netty.machineId: 00:00:00:00:00:00:00:e0 (auto-detected)
2023-11-12 12:11:01,066 [DEBUG] io.netty.buffer.AbstractByteBuf  - -Dio.netty.buffer.checkAccessible: true
2023-11-12 12:11:01,066 [DEBUG] io.netty.buffer.AbstractByteBuf  - -Dio.netty.buffer.checkBounds: true
2023-11-12 12:11:01,066 [DEBUG] io.netty.util.ResourceLeakDetectorFactory  - Loaded default ResourceLeakDetector: io.netty.util.ResourceLeakDetector@227b53e5
2023-11-12 12:11:01,102 [DEBUG] io.netty.util.Recycler  - -Dio.netty.recycler.maxCapacityPerThread: 4096
2023-11-12 12:11:01,102 [DEBUG] io.netty.util.Recycler  - -Dio.netty.recycler.ratio: 8
2023-11-12 12:11:01,102 [DEBUG] io.netty.util.Recycler  - -Dio.netty.recycler.chunkSize: 32
2023-11-12 12:11:01,102 [DEBUG] io.netty.util.Recycler  - -Dio.netty.recycler.blocking: false
2023-11-12 12:11:10,810 [DEBUG] io.netty.handler.codec.compression.Brotli  - brotli4j not in the classpath; Brotli support will be unavailable.
2023-11-12 12:11:11,450 [DEBUG] io.netty.util.internal.ThreadLocalRandom  - -Dio.netty.initialSeedUniquifier: 0x94868d0b405684f8
